#
# There is insufficient memory for the Java Runtime Environment to continue.
# Native memory allocation (mmap) failed to map 257949696 bytes for G1 virtual space
# Possible reasons:
#   The system is out of physical RAM or swap space
#   The process is running with CompressedOops enabled, and the Java Heap may be blocking the growth of the native heap
# Possible solutions:
#   Reduce memory load on the system
#   Increase physical memory or swap space
#   Check if swap backing store is full
#   Decrease Java heap size (-Xmx/-Xms)
#   Decrease number of Java threads
#   Decrease Java thread stack sizes (-Xss)
#   Set larger code cache with -XX:ReservedCodeCacheSize=
#   JVM is running with Zero Based Compressed Oops mode in which the Java heap is
#     placed in the first 32GB address space. The Java Heap base address is the
#     maximum limit for the native heap growth. Please use -XX:HeapBaseMinAddress
#     to set the Java Heap base and to place the Java Heap above 32GB virtual address.
# This output file may be truncated or incomplete.
#
#  Out of Memory Error (os_windows.cpp:3548), pid=26740, tid=34460
#
# JRE version:  (17.0.10+11) (build )
# Java VM: Java HotSpot(TM) 64-Bit Server VM (17.0.10+11-LTS-240, mixed mode, emulated-client, sharing, tiered, compressed oops, compressed class ptrs, g1 gc, windows-amd64)
# No core dump will be written. Minidumps are not enabled by default on client versions of Windows
#

---------------  S U M M A R Y ------------

Command Line: -XX:TieredStopAtLevel=1 -Dspring.output.ansi.enabled=always -Dcom.sun.management.jmxremote -Dspring.jmx.enabled=true -Dspring.liveBeansView.mbeanDomain -Dspring.application.admin.enabled=true -Dmanagement.endpoints.jmx.exposure.include=* -javaagent:C:\Program Files\JetBrains\IntelliJ IDEA 2022.3.1\lib\idea_rt.jar=9849:C:\Program Files\JetBrains\IntelliJ IDEA 2022.3.1\bin -Dfile.encoding=UTF-8 com.weather.weather.WeatherApplication

Host: AMD Ryzen 5 5600H with Radeon Graphics         , 12 cores, 15G,  Windows 10 , 64 bit Build 19041 (10.0.19041.3636)
Time: Sat Mar  9 15:04:42 2024 India Standard Time elapsed time: 0.030445 seconds (0d 0h 0m 0s)

---------------  T H R E A D  ---------------

Current thread (0x000002558a9cc000):  JavaThread "Unknown thread" [_thread_in_vm, id=34460, stack(0x000000d2f7500000,0x000000d2f7600000)]

Stack: [0x000000d2f7500000,0x000000d2f7600000]
Native frames: (J=compiled Java code, j=interpreted, Vv=VM code, C=native code)
V  [jvm.dll+0x677a5a]
V  [jvm.dll+0x7d8b2d]
V  [jvm.dll+0x7da48e]
V  [jvm.dll+0x7daaf3]
V  [jvm.dll+0x2455ff]
V  [jvm.dll+0x6749b9]
V  [jvm.dll+0x669382]
V  [jvm.dll+0x302e96]
V  [jvm.dll+0x30a416]
V  [jvm.dll+0x359cbe]
V  [jvm.dll+0x359eef]
V  [jvm.dll+0x2d9e88]
V  [jvm.dll+0x2dadf4]
V  [jvm.dll+0x7aa551]
V  [jvm.dll+0x367911]
V  [jvm.dll+0x789639]
V  [jvm.dll+0x3eb30f]
V  [jvm.dll+0x3ecd91]
C  [jli.dll+0x5297]
C  [ucrtbase.dll+0x21bb2]
C  [KERNEL32.DLL+0x17344]
C  [ntdll.dll+0x526b1]


---------------  P R O C E S S  ---------------

Threads class SMR info:
_java_thread_list=0x00007ff90f216a18, length=0, elements={
}

Java Threads: ( => current thread )

Other Threads:
  0x000002558aa35db0 GCTaskThread "GC Thread#0" [stack: 0x000000d2f7700000,0x000000d2f7800000] [id=26152]
  0x000002558aa462c0 ConcurrentGCThread "G1 Main Marker" [stack: 0x000000d2f7800000,0x000000d2f7900000] [id=20932]
  0x000002558aa46cd0 ConcurrentGCThread "G1 Conc#0" [stack: 0x000000d2f7900000,0x000000d2f7a00000] [id=12184]

[error occurred during error reporting (printing all threads), id 0xc0000005, EXCEPTION_ACCESS_VIOLATION (0xc0000005) at pc=0x00007ff90ea4aae7]

VM state: not at safepoint (not fully initialized)

VM Mutex/Monitor currently owned by a thread:  ([mutex/lock_event])
[0x000002558a9c8030] Heap_lock - owner thread: 0x000002558a9cc000

Heap address: 0x000000070a400000, size: 3932 MB, Compressed Oops mode: Zero based, Oop shift amount: 3

CDS archive(s) mapped at: [0x0000000000000000-0x0000000000000000-0x0000000000000000), size 0, SharedBaseAddress: 0x0000000800000000, ArchiveRelocationMode: 1.
Narrow klass base: 0x0000000000000000, Narrow klass shift: 0, Narrow klass range: 0x0

GC Precious Log:
<Empty>

Heap:
 garbage-first heap   total 0K, used 0K [0x000000070a400000, 0x0000000800000000)
  region size 2048K, 0 young (0K), 0 survivors (0K)

[error occurred during error reporting (printing heap information), id 0xc0000005, EXCEPTION_ACCESS_VIOLATION (0xc0000005) at pc=0x00007ff90ee31249]

GC Heap History (0 events):
No events

Deoptimization events (0 events):
No events

Classes unloaded (0 events):
No events

Classes redefined (0 events):
No events

Internal exceptions (0 events):
No events

VM Operations (0 events):
No events

Events (1 events):
Event: 0.023 Loaded shared library C:\Program Files\Java\jdk-17\bin\java.dll


Dynamic libraries:
0x00007ff6c6ac0000 - 0x00007ff6c6ad0000 	C:\Program Files\Java\jdk-17\bin\java.exe
0x00007ff97b850000 - 0x00007ff97ba48000 	C:\Windows\SYSTEM32\ntdll.dll
0x00007ff97b200000 - 0x00007ff97b2bd000 	C:\Windows\System32\KERNEL32.DLL
0x00007ff978fb0000 - 0x00007ff9792a6000 	C:\Windows\System32\KERNELBASE.dll
0x00007ff9792b0000 - 0x00007ff9793b0000 	C:\Windows\System32\ucrtbase.dll
0x00007ff971d00000 - 0x00007ff971d19000 	C:\Program Files\Java\jdk-17\bin\jli.dll
0x00007ff979e40000 - 0x00007ff979ef3000 	C:\Windows\System32\ADVAPI32.dll
0x00007ff979890000 - 0x00007ff97992e000 	C:\Windows\System32\msvcrt.dll
0x00007ff97b770000 - 0x00007ff97b80f000 	C:\Windows\System32\sechost.dll
0x00007ff97a460000 - 0x00007ff97a586000 	C:\Windows\System32\RPCRT4.dll
0x00007ff979660000 - 0x00007ff979687000 	C:\Windows\System32\bcrypt.dll
0x00007ff97b540000 - 0x00007ff97b6de000 	C:\Windows\System32\USER32.dll
0x00007ff979690000 - 0x00007ff9796b2000 	C:\Windows\System32\win32u.dll
0x00007ff97b4b0000 - 0x00007ff97b4db000 	C:\Windows\System32\GDI32.dll
0x00007ff979490000 - 0x00007ff9795a7000 	C:\Windows\System32\gdi32full.dll
0x00007ff978f10000 - 0x00007ff978fad000 	C:\Windows\System32\msvcp_win.dll
0x00007ff96bfe0000 - 0x00007ff96bffb000 	C:\Program Files\Java\jdk-17\bin\VCRUNTIME140.dll
0x00007ff963d30000 - 0x00007ff963fca000 	C:\Windows\WinSxS\amd64_microsoft.windows.common-controls_6595b64144ccf1df_6.0.19041.3636_none_60b6a03d71f818d5\COMCTL32.dll
0x00007ff96fe00000 - 0x00007ff96fe0a000 	C:\Windows\SYSTEM32\VERSION.dll
0x00007ff97a900000 - 0x00007ff97a932000 	C:\Windows\System32\IMM32.DLL
0x00007ff960ec0000 - 0x00007ff961024000 	C:\Program Files (x86)\Citrix\ICA Client\ctxapclient64.dll
0x00007ff97a590000 - 0x00007ff97a8e4000 	C:\Windows\System32\combase.dll
0x00007ff9780a0000 - 0x00007ff9780d3000 	C:\Windows\SYSTEM32\ntmarta.dll
0x00000255887c0000 - 0x0000025588842000 	C:\Windows\System32\bcryptprimitives.dll
0x00007ff976da0000 - 0x00007ff976db2000 	C:\Windows\SYSTEM32\kernel.appcore.dll
0x00007ff972860000 - 0x00007ff97286c000 	C:\Program Files\Java\jdk-17\bin\vcruntime140_1.dll
0x00007ff941e30000 - 0x00007ff941ebe000 	C:\Program Files\Java\jdk-17\bin\msvcp140.dll
0x00007ff90e760000 - 0x00007ff90f33f000 	C:\Program Files\Java\jdk-17\bin\server\jvm.dll
0x00007ff97a3d0000 - 0x00007ff97a3d8000 	C:\Windows\System32\PSAPI.DLL
0x00007ff967980000 - 0x00007ff967989000 	C:\Windows\SYSTEM32\WSOCK32.dll
0x00007ff97b190000 - 0x00007ff97b1fb000 	C:\Windows\System32\WS2_32.dll
0x00007ff96e450000 - 0x00007ff96e477000 	C:\Windows\SYSTEM32\WINMM.dll
0x00007ff971cf0000 - 0x00007ff971cfa000 	C:\Program Files\Java\jdk-17\bin\jimage.dll
0x00007ff96f180000 - 0x00007ff96f364000 	C:\Windows\SYSTEM32\DBGHELP.DLL
0x00007ff96e480000 - 0x00007ff96e4b4000 	C:\Windows\SYSTEM32\dbgcore.DLL
0x00007ff974dc0000 - 0x00007ff974dce000 	C:\Program Files\Java\jdk-17\bin\instrument.dll
0x00007ff96bfb0000 - 0x00007ff96bfd5000 	C:\Program Files\Java\jdk-17\bin\java.dll

dbghelp: loaded successfully - version: 4.0.5 - missing functions: none
symbol engine: initialized successfully - sym options: 0x614 - pdb path: .;C:\Program Files\Java\jdk-17\bin;C:\Windows\SYSTEM32;C:\Windows\WinSxS\amd64_microsoft.windows.common-controls_6595b64144ccf1df_6.0.19041.3636_none_60b6a03d71f818d5;C:\Program Files (x86)\Citrix\ICA Client;C:\Program Files\Java\jdk-17\bin\server

VM Arguments:
jvm_args: -XX:TieredStopAtLevel=1 -Dspring.output.ansi.enabled=always -Dcom.sun.management.jmxremote -Dspring.jmx.enabled=true -Dspring.liveBeansView.mbeanDomain -Dspring.application.admin.enabled=true -Dmanagement.endpoints.jmx.exposure.include=* -javaagent:C:\Program Files\JetBrains\IntelliJ IDEA 2022.3.1\lib\idea_rt.jar=9849:C:\Program Files\JetBrains\IntelliJ IDEA 2022.3.1\bin -Dfile.encoding=UTF-8 
java_command: com.weather.weather.WeatherApplication
java_class_path (initial): C:\Users\Yash Jain\Downloads\weather\target\classes;C:\Users\Yash Jain\.m2\repository\org\springframework\boot\spring-boot-starter-actuator\3.2.3\spring-boot-starter-actuator-3.2.3.jar;C:\Users\Yash Jain\.m2\repository\org\springframework\boot\spring-boot-starter\3.2.3\spring-boot-starter-3.2.3.jar;C:\Users\Yash Jain\.m2\repository\org\springframework\boot\spring-boot-starter-logging\3.2.3\spring-boot-starter-logging-3.2.3.jar;C:\Users\Yash Jain\.m2\repository\ch\qos\logback\logback-classic\1.4.14\logback-classic-1.4.14.jar;C:\Users\Yash Jain\.m2\repository\ch\qos\logback\logback-core\1.4.14\logback-core-1.4.14.jar;C:\Users\Yash Jain\.m2\repository\org\apache\logging\log4j\log4j-to-slf4j\2.21.1\log4j-to-slf4j-2.21.1.jar;C:\Users\Yash Jain\.m2\repository\org\apache\logging\log4j\log4j-api\2.21.1\log4j-api-2.21.1.jar;C:\Users\Yash Jain\.m2\repository\org\slf4j\jul-to-slf4j\2.0.12\jul-to-slf4j-2.0.12.jar;C:\Users\Yash Jain\.m2\repository\jakarta\annotation\jakarta.annotation-api\2.1.1\jakarta.annotation-api-2.1.1.jar;C:\Users\Yash Jain\.m2\repository\org\yaml\snakeyaml\2.2\snakeyaml-2.2.jar;C:\Users\Yash Jain\.m2\repository\org\springframework\boot\spring-boot-actuator-autoconfigure\3.2.3\spring-boot-actuator-autoconfigure-3.2.3.jar;C:\Users\Yash Jain\.m2\repository\org\springframework\boot\spring-boot-actuator\3.2.3\spring-boot-actuator-3.2.3.jar;C:\Users\Yash Jain\.m2\repository\com\fasterxml\jackson\core\jackson-databind\2.15.4\jackson-databind-2.15.4.jar;C:\Users\Yash Jain\.m2\repository\com\fasterxml\jackson\core\jackson-annotations\2.15.4\jackson-annotations-2.15.4.jar;C:\Users\Yash Jain\.m2\repository\com\fasterxml\jackson\core\jackson-core\2.15.4\jackson-core-2.15.4.jar;C:\Users\Yash Jain\.m2\repository\com\fasterxml\jackson\datatype\jackson-datatype-jsr310\2.15.4\jackson-datatype-jsr310-2.15.4.jar;C:\Users\Yash Jain\.m2\repository\io\micrometer\micrometer-observation\1.12.3\micrometer-observation-1.12.3.jar;C:\Users\Yash Jain\.m2\r
Launcher Type: SUN_STANDARD

[Global flags]
     intx CICompilerCount                          = 4                                         {product} {ergonomic}
     uint ConcGCThreads                            = 3                                         {product} {ergonomic}
     uint G1ConcRefinementThreads                  = 10                                        {product} {ergonomic}
   size_t G1HeapRegionSize                         = 2097152                                   {product} {ergonomic}
    uintx GCDrainStackTargetSize                   = 64                                        {product} {ergonomic}
   size_t InitialHeapSize                          = 257949696                                 {product} {ergonomic}
     bool ManagementServer                         = true                                      {product} {command line}
   size_t MarkStackSize                            = 4194304                                   {product} {ergonomic}
   size_t MaxHeapSize                              = 4123000832                                {product} {ergonomic}
   size_t MinHeapDeltaBytes                        = 2097152                                   {product} {ergonomic}
   size_t MinHeapSize                              = 8388608                                   {product} {ergonomic}
    uintx NonProfiledCodeHeapSize                  = 0                                      {pd product} {ergonomic}
     bool ProfileInterpreter                       = false                                  {pd product} {command line}
    uintx ProfiledCodeHeapSize                     = 0                                      {pd product} {ergonomic}
   size_t SoftMaxHeapSize                          = 4123000832                             {manageable} {ergonomic}
     intx TieredStopAtLevel                        = 1                                         {product} {command line}
     bool UseCompressedClassPointers               = true                           {product lp64_product} {ergonomic}
     bool UseCompressedOops                        = true                           {product lp64_product} {ergonomic}
     bool UseG1GC                                  = true                                      {product} {ergonomic}
     bool UseLargePagesIndividualAllocation        = false                                  {pd product} {ergonomic}

Logging:
Log output configuration:
 #0: stdout all=warning uptime,level,tags
 #1: stderr all=off uptime,level,tags

Environment Variables:
PATH=C:\Program Files\Common Files\Oracle\Java\javapath;C:\Program Files (x86)\Common Files\Oracle\Java\javapath;C:\Python27\;C:\Python27\Scripts;C:\Windows\system32;C:\Windows;C:\Windows\System32\Wbem;C:\Windows\System32\WindowsPowerShell\v1.0\;C:\Windows\System32\OpenSSH\;C:\Program Files (x86)\NVIDIA Corporation\PhysX\Common;C:\Program Files\NVIDIA Corporation\NVIDIA NvDLISR;C:\Program Files\Git\cmd;C:\ProgramData\chocolatey\bin;C:\Program Files\dotnet\;C:\Program Files\Microsoft SQL Server\Client SDK\ODBC\170\Tools\Binn\;C:\Program Files (x86)\dotnet\;;C:\oracle\instantclient_19_13;C:\Program Files (x86)\Nodist\bin;C:\Program Files\PuTTY\;C:\Program Files\Go\bin;C:\Program Files\PowerShell\7\;C:\Users\Yash Jain\AppData\Local\Programs\Python\Python310\Scripts\;C:\Users\Yash Jain\AppData\Local\Programs\Python\Python310\;C:\Windows\system32\config\systemprofile\AppData\Local\Microsoft\WindowsApps;C:\Program Files\JetBrains\IntelliJ IDEA 2022.3.1\bin;;C:\Users\Yash Jain\AppData\Local\Programs\Microsoft VS Code\bin;C:\Windows\system32\config\systemprofile\.dotnet\tools;C:\Program Files\JetBrains\JetBrains Rider 2021.3.3\bin;;C:\Windows\system32\config\systemprofile\go\bin;;C:\Users\Yash Jain\AppData\Local\Programs\Lens\resources\cli\bin
USERNAME=Yash Jain
OS=Windows_NT
PROCESSOR_IDENTIFIER=AMD64 Family 25 Model 80 Stepping 0, AuthenticAMD



---------------  S Y S T E M  ---------------

OS:
 Windows 10 , 64 bit Build 19041 (10.0.19041.3636)
OS uptime: 20 days 20:00 hours

CPU: total 12 (initial active 12) (12 cores per cpu, 2 threads per core) family 25 model 80 stepping 0 microcode 0x0, cx8, cmov, fxsr, ht, mmx, 3dnowpref, sse, sse2, sse3, ssse3, sse4a, sse4.1, sse4.2, popcnt, lzcnt, tsc, tscinvbit, avx, avx2, aes, erms, clmul, bmi1, bmi2, adx, sha, fma, vzeroupper, clflush, clflushopt

Memory: 4k page, system-wide physical 15720M (2529M free)
TotalPageFile size 20371M (AvailPageFile size 198M)
current process WorkingSet (physical memory assigned to process): 13M, peak: 13M
current process commit charge ("private bytes"): 60M, peak: 306M

vm_info: Java HotSpot(TM) 64-Bit Server VM (17.0.10+11-LTS-240) for windows-amd64 JRE (17.0.10+11-LTS-240), built on Dec 19 2023 21:47:25 by "mach5one" with MS VC++ 17.1 (VS2022)

END.
